2025-03-12T07:46:03.904Z INFO @wdio/local-runner: Run worker command: run
2025-03-12T07:46:04.164Z INFO webdriver: Initiate new session using the WebDriver protocol
2025-03-12T07:46:04.164Z INFO @wdio/utils: Connecting to existing driver at http://localhost:9515/
2025-03-12T07:46:04.170Z INFO webdriver: [POST] http://localhost:9515/session
2025-03-12T07:46:04.170Z INFO webdriver: DATA {
  capabilities: {
    alwaysMatch: {
      browserName: 'chrome',
      'goog:chromeOptions': [Object],
      webSocketUrl: true,
      unhandledPromptBehavior: 'ignore'
    },
    firstMatch: [ {} ]
  }
}
2025-03-12T07:46:04.625Z INFO webdriver: Register BiDi handler for session with id 3f94e8be4f0cf5829c02e794e72cb1be
2025-03-12T07:46:04.626Z INFO webdriver: Connect to webSocketUrl ws://127.0.0.1:9515/session/3f94e8be4f0cf5829c02e794e72cb1be
2025-03-12T07:46:04.630Z INFO webdriver: Connected session to Bidi protocol
2025-03-12T07:46:04.631Z INFO webdriver: BIDI COMMAND session.subscribe {"events":["browsingContext.contextCreated"]}
2025-03-12T07:46:04.631Z INFO webdriver: BIDI COMMAND session.subscribe {"events":["log.entryAdded","browsingContext.navigationStarted"]}
2025-03-12T07:46:04.632Z INFO webdriver: BIDI COMMAND script.addPreloadScript { functionDeclaration: <PreloadScript[1319 bytes]>, contexts: undefined }
2025-03-12T07:46:04.632Z INFO webdriver: BIDI COMMAND session.subscribe {"events":["browsingContext.navigationStarted","browsingContext.fragmentNavigated","network.responseCompleted","network.beforeRequestSent","network.fetchError"]}
2025-03-12T07:46:04.632Z INFO webdriver: BIDI COMMAND session.subscribe {"events":["browsingContext.userPromptOpened"]}
2025-03-12T07:46:04.632Z INFO webdriver: BIDI COMMAND session.subscribe {"events":["browsingContext.navigationStarted"]}
2025-03-12T07:46:04.632Z INFO webdriver: COMMAND getWindowHandle()
2025-03-12T07:46:04.632Z INFO webdriver: Connected to WebDriver Bidi interface at ws://127.0.0.1:9515/session/3f94e8be4f0cf5829c02e794e72cb1be
2025-03-12T07:46:04.633Z INFO webdriver: BIDI COMMAND browsingContext.getTree {}
2025-03-12T07:46:04.633Z INFO webdriver: [GET] http://localhost:9515/session/3f94e8be4f0cf5829c02e794e72cb1be/window
2025-03-12T07:46:04.634Z INFO webdriver: RESULT ADAD3833F21B0A57E89B99C9C236D2C7
2025-03-12T07:46:04.638Z INFO webdriverio:PolyfillManager: Adding polyfill script to context with id ADAD3833F21B0A57E89B99C9C236D2C7
2025-03-12T07:46:04.638Z INFO webdriver: BIDI COMMAND script.callFunction {"functionDeclaration":"<Function[442 bytes] webdriverioPolyfill>","target":{"children":null,"clientWindow":"","context":"ADAD3833F21B0A57E89B99C9C236D2C7","originalOpener":null,"parent":null,"url":"about:blank","userContext":"default"},"awaitPromise":false}
2025-03-12T07:46:04.638Z INFO webdriver: BIDI COMMAND script.addPreloadScript { functionDeclaration: <PreloadScript[442 bytes]>, contexts: ["ADAD3833F21B0A57E89B99C9C236D2C7"] }
2025-03-12T07:46:04.638Z INFO webdriver: BIDI RESULT {"id":1,"result":{"subscription":"88e4125a-3da8-4895-bc73-6ee82a06d762"},"type":"success"}
2025-03-12T07:46:04.639Z INFO webdriver: BIDI RESULT {"id":2,"result":{"subscription":"09555688-dc3f-4270-bdb1-ba5cbc4fe71d"},"type":"success"}
2025-03-12T07:46:04.639Z INFO webdriver: BIDI RESULT {"id":4,"result":{"subscription":"1934c397-808b-4d11-a2f9-fd424ef39d4e"},"type":"success"}
2025-03-12T07:46:04.639Z INFO webdriver: BIDI RESULT {"id":5,"result":{"subscription":"6008fe53-98a6-46a2-b4e5-af7180925413"},"type":"success"}
2025-03-12T07:46:04.639Z INFO webdriver: BIDI RESULT {"id":6,"result":{"subscription":"6c56c87b-a314-456a-97e7-81d60259ca5e"},"type":"success"}
2025-03-12T07:46:04.639Z INFO webdriver: BIDI RESULT {"id":7,"result":{"contexts":[{"children":[],"clientWindow":"","context":"ADAD3833F21B0A57E89B99C9C236D2C7","originalOpener":null,"parent":null,"url":"about:blank","userContext":"default"}]},"type":"success"}
2025-03-12T07:46:04.644Z INFO webdriver: BIDI RESULT {"id":3,"result":{"script":"9c68c950-2cef-4c41-a779-9c269fcb0571"},"type":"success"}
2025-03-12T07:46:04.645Z INFO webdriver: BIDI COMMAND browsingContext.navigate {"context":"ADAD3833F21B0A57E89B99C9C236D2C7","url":"https://www.saucedemo.com/","wait":"complete"}
2025-03-12T07:46:04.645Z INFO webdriver: BIDI RESULT {"id":8,"result":{"realm":"874930929768321176.3631899969641022507","result":{"type":"undefined"},"type":"success"},"type":"success"}
2025-03-12T07:46:04.645Z INFO webdriver: BIDI RESULT {"id":9,"result":{"script":"b25e01f5-b854-4ba9-90db-cf20fc0e4ffe"},"type":"success"}
2025-03-12T07:46:04.908Z INFO webdriver: BIDI RESULT {"id":10,"result":{"navigation":"5271183c-8f1d-44e7-a7df-dfef1197819c","url":"https://www.saucedemo.com/"},"type":"success"}
2025-03-12T07:46:04.909Z INFO webdriver: BIDI COMMAND browsingContext.locateNodes {"locator":{"type":"css","value":"#user-name"},"context":"ADAD3833F21B0A57E89B99C9C236D2C7"}
2025-03-12T07:46:04.912Z INFO webdriver: BIDI RESULT {"id":11,"result":{"nodes":[{"sharedId":"f.ADAD3833F21B0A57E89B99C9C236D2C7.d.31A3481F59151EC53689756B87FBD8E6.e.4","type":"node","value":{"attributes":{"autocapitalize":"none","autocorrect":"off","class":"input_error form_input","data-test":"username","id":"user-name","name":"user-name","placeholder":"Username","type":"text","value":""},"childNodeCount":0,"localName":"input","namespaceURI":"http://www.w3.org/1999/xhtml","nodeType":1,"shadowRoot":{"sharedId":"f.ADAD3833F21B0A57E89B99C9C236D2C7.d.31A3481F59151EC53689756B87FBD8E6.e.11","type":"node","value":{"childNodeCount":2,"mode":"closed","nodeType":11}}}}]},"type":"success"}
2025-03-12T07:46:04.915Z INFO webdriver: COMMAND elementClear("f.ADAD3833F21B0A57E89B99C9C236D2C7.d.31A3481F59151EC53689756B87FBD8E6.e.4")
2025-03-12T07:46:04.915Z INFO webdriver: [POST] http://localhost:9515/session/3f94e8be4f0cf5829c02e794e72cb1be/element/f.ADAD3833F21B0A57E89B99C9C236D2C7.d.31A3481F59151EC53689756B87FBD8E6.e.4/clear
2025-03-12T07:46:04.935Z INFO webdriver: RESULT null
2025-03-12T07:46:04.935Z INFO webdriver: COMMAND elementSendKeys("f.ADAD3833F21B0A57E89B99C9C236D2C7.d.31A3481F59151EC53689756B87FBD8E6.e.4", "standard_user")
2025-03-12T07:46:04.935Z INFO webdriver: [POST] http://localhost:9515/session/3f94e8be4f0cf5829c02e794e72cb1be/element/f.ADAD3833F21B0A57E89B99C9C236D2C7.d.31A3481F59151EC53689756B87FBD8E6.e.4/value
2025-03-12T07:46:04.935Z INFO webdriver: DATA { text: 'standard_user' }
2025-03-12T07:46:04.963Z INFO webdriver: RESULT null
2025-03-12T07:46:04.964Z INFO webdriver: BIDI COMMAND browsingContext.locateNodes {"locator":{"type":"css","value":"#password"},"context":"ADAD3833F21B0A57E89B99C9C236D2C7"}
2025-03-12T07:46:04.965Z INFO webdriver: BIDI RESULT {"id":12,"result":{"nodes":[{"sharedId":"f.ADAD3833F21B0A57E89B99C9C236D2C7.d.31A3481F59151EC53689756B87FBD8E6.e.5","type":"node","value":{"attributes":{"autocapitalize":"none","autocorrect":"off","class":"input_error form_input","data-test":"password","id":"password","name":"password","placeholder":"Password","type":"password","value":""},"childNodeCount":0,"localName":"input","namespaceURI":"http://www.w3.org/1999/xhtml","nodeType":1,"shadowRoot":{"sharedId":"f.ADAD3833F21B0A57E89B99C9C236D2C7.d.31A3481F59151EC53689756B87FBD8E6.e.13","type":"node","value":{"childNodeCount":2,"mode":"closed","nodeType":11}}}}]},"type":"success"}
2025-03-12T07:46:04.967Z INFO webdriver: COMMAND elementClear("f.ADAD3833F21B0A57E89B99C9C236D2C7.d.31A3481F59151EC53689756B87FBD8E6.e.5")
2025-03-12T07:46:04.967Z INFO webdriver: [POST] http://localhost:9515/session/3f94e8be4f0cf5829c02e794e72cb1be/element/f.ADAD3833F21B0A57E89B99C9C236D2C7.d.31A3481F59151EC53689756B87FBD8E6.e.5/clear
2025-03-12T07:46:04.980Z INFO webdriver: RESULT null
2025-03-12T07:46:04.981Z INFO webdriver: COMMAND elementSendKeys("f.ADAD3833F21B0A57E89B99C9C236D2C7.d.31A3481F59151EC53689756B87FBD8E6.e.5", "secret_sauce")
2025-03-12T07:46:04.981Z INFO webdriver: [POST] http://localhost:9515/session/3f94e8be4f0cf5829c02e794e72cb1be/element/f.ADAD3833F21B0A57E89B99C9C236D2C7.d.31A3481F59151EC53689756B87FBD8E6.e.5/value
2025-03-12T07:46:04.981Z INFO webdriver: DATA { text: 'secret_sauce' }
2025-03-12T07:46:05.045Z INFO webdriver: RESULT null
2025-03-12T07:46:05.045Z INFO webdriver: BIDI COMMAND browsingContext.locateNodes {"locator":{"type":"css","value":"#login-button"},"context":"ADAD3833F21B0A57E89B99C9C236D2C7"}
2025-03-12T07:46:05.047Z INFO webdriver: BIDI RESULT {"id":13,"result":{"nodes":[{"sharedId":"f.ADAD3833F21B0A57E89B99C9C236D2C7.d.31A3481F59151EC53689756B87FBD8E6.e.6","type":"node","value":{"attributes":{"class":"submit-button btn_action","data-test":"login-button","id":"login-button","name":"login-button","type":"submit","value":"Login"},"childNodeCount":0,"localName":"input","namespaceURI":"http://www.w3.org/1999/xhtml","nodeType":1,"shadowRoot":{"sharedId":"f.ADAD3833F21B0A57E89B99C9C236D2C7.d.31A3481F59151EC53689756B87FBD8E6.e.14","type":"node","value":{"childNodeCount":1,"mode":"closed","nodeType":11}}}}]},"type":"success"}
2025-03-12T07:46:05.048Z INFO webdriver: COMMAND elementClick("f.ADAD3833F21B0A57E89B99C9C236D2C7.d.31A3481F59151EC53689756B87FBD8E6.e.6")
2025-03-12T07:46:05.048Z INFO webdriver: [POST] http://localhost:9515/session/3f94e8be4f0cf5829c02e794e72cb1be/element/f.ADAD3833F21B0A57E89B99C9C236D2C7.d.31A3481F59151EC53689756B87FBD8E6.e.6/click
2025-03-12T07:46:05.093Z INFO webdriver: RESULT null
2025-03-12T07:46:05.093Z INFO webdriver: BIDI COMMAND browsingContext.locateNodes {"locator":{"type":"css","value":".title"},"context":"ADAD3833F21B0A57E89B99C9C236D2C7"}
2025-03-12T07:46:05.096Z INFO webdriver: BIDI RESULT {"id":14,"result":{"nodes":[{"sharedId":"f.ADAD3833F21B0A57E89B99C9C236D2C7.d.31A3481F59151EC53689756B87FBD8E6.e.31","type":"node","value":{"attributes":{"class":"title","data-test":"title"},"childNodeCount":1,"localName":"span","namespaceURI":"http://www.w3.org/1999/xhtml","nodeType":1,"shadowRoot":null}}]},"type":"success"}
2025-03-12T07:46:05.097Z INFO webdriver: COMMAND getElementText("f.ADAD3833F21B0A57E89B99C9C236D2C7.d.31A3481F59151EC53689756B87FBD8E6.e.31")
2025-03-12T07:46:05.097Z INFO webdriver: [GET] http://localhost:9515/session/3f94e8be4f0cf5829c02e794e72cb1be/element/f.ADAD3833F21B0A57E89B99C9C236D2C7.d.31A3481F59151EC53689756B87FBD8E6.e.31/text
2025-03-12T07:46:05.105Z INFO webdriver: RESULT Products
2025-03-12T07:46:05.106Z INFO webdriver: BIDI COMMAND browsingContext.getTree {}
2025-03-12T07:46:05.107Z INFO webdriver: BIDI RESULT {"id":15,"result":{"contexts":[{"children":[],"clientWindow":"","context":"ADAD3833F21B0A57E89B99C9C236D2C7","originalOpener":null,"parent":null,"url":"https://www.saucedemo.com/inventory.html","userContext":"default"}]},"type":"success"}
2025-03-12T07:46:05.107Z INFO webdriver: BIDI COMMAND browsingContext.captureScreenshot {"context":"ADAD3833F21B0A57E89B99C9C236D2C7","origin":"viewport","format":{"type":"image/png"}}
2025-03-12T07:46:05.520Z INFO webdriver: BIDI RESULT {"data":"Base64 string [1158476 chars]"}
2025-03-12T07:46:05.525Z INFO webdriver: COMMAND deleteSession()
2025-03-12T07:46:05.525Z INFO webdriver: [DELETE] http://localhost:9515/session/3f94e8be4f0cf5829c02e794e72cb1be
2025-03-12T07:46:05.582Z INFO webdriver: RESULT null
2025-03-12T07:46:05.583Z INFO webdriver: Close Bidi connection to ws://127.0.0.1:9515/session/3f94e8be4f0cf5829c02e794e72cb1be
